<?xml version="1.0" encoding="UTF-8"?>
<testsuite name="ro.ainpc.spawn.SpawnBatchPlanHasherTest" tests="4" skipped="0" failures="0" errors="0" timestamp="2026-06-10T18:51:55.286Z" hostname="DESKTOP-FJTPE3F" time="0.005">
  <properties/>
  <testcase name="settlementHashIsStableWhenAllocationsAreReordered()" classname="ro.ainpc.spawn.SpawnBatchPlanHasherTest" time="0.003"/>
  <testcase name="settlementHashChangesWhenResidentPlanChanges()" classname="ro.ainpc.spawn.SpawnBatchPlanHasherTest" time="0.001"/>
  <testcase name="dryRunBatchKeysAreSeparateFromApplyBatchKeys()" classname="ro.ainpc.spawn.SpawnBatchPlanHasherTest" time="0.001"/>
  <testcase name="settlementBatchKeyUsesCommonRegionAndShortHash()" classname="ro.ainpc.spawn.SpawnBatchPlanHasherTest" time="0.0"/>
  <system-out><![CDATA[]]></system-out>
  <system-err><![CDATA[]]></system-err>
</testsuite>
