<?xml version="1.0" encoding="UTF-8"?>
<testsuite name="ro.ainpc.engine.FeaturePackMetadataValidatorTest" tests="5" skipped="0" failures="0" errors="0" timestamp="2026-06-11T12:19:41.304Z" hostname="DESKTOP-FJTPE3F" time="0.009">
  <properties/>
  <testcase name="rejectsPackThatDoesNotSupportCurrentRuntime()" classname="ro.ainpc.engine.FeaturePackMetadataValidatorTest" time="0.003"/>
  <testcase name="acceptsDeclaredAddonMetadataForCurrentRuntime()" classname="ro.ainpc.engine.FeaturePackMetadataValidatorTest" time="0.001"/>
  <testcase name="rejectsInvalidAddonListMetadata()" classname="ro.ainpc.engine.FeaturePackMetadataValidatorTest" time="0.001"/>
  <testcase name="rejectsUnknownRuntimeMode()" classname="ro.ainpc.engine.FeaturePackMetadataValidatorTest" time="0.0"/>
  <testcase name="acceptsConstitutionalAddonTypesAndAliases()" classname="ro.ainpc.engine.FeaturePackMetadataValidatorTest" time="0.002"/>
  <system-out><![CDATA[]]></system-out>
  <system-err><![CDATA[]]></system-err>
</testsuite>
