<?xml version="1.0" encoding="UTF-8"?>
<testsuite name="ro.ainpc.engine.QuestScenarioContractTest" tests="8" skipped="0" failures="0" errors="0" timestamp="2026-06-10T17:27:15.667Z" hostname="DESKTOP-FJTPE3F" time="0.013">
  <properties/>
  <testcase name="infersFetchContractFromCollectObjectives()" classname="ro.ainpc.engine.QuestScenarioContractTest" time="0.007"/>
  <testcase name="supportsRitualScenarioKind()" classname="ro.ainpc.engine.QuestScenarioContractTest" time="0.001"/>
  <testcase name="supportsDutyScenarioKind()" classname="ro.ainpc.engine.QuestScenarioContractTest" time="0.0"/>
  <testcase name="supportsEventScenarioKind()" classname="ro.ainpc.engine.QuestScenarioContractTest" time="0.001"/>
  <testcase name="explicitMetadataOverridesInference()" classname="ro.ainpc.engine.QuestScenarioContractTest" time="0.0"/>
  <testcase name="supportsInvestigationContractKind()" classname="ro.ainpc.engine.QuestScenarioContractTest" time="0.001"/>
  <testcase name="supportsTutorialScenarioKind()" classname="ro.ainpc.engine.QuestScenarioContractTest" time="0.0"/>
  <testcase name="questEntryDefinitionCarriesActionMetadata()" classname="ro.ainpc.engine.QuestScenarioContractTest" time="0.001"/>
  <system-out><![CDATA[]]></system-out>
  <system-err><![CDATA[]]></system-err>
</testsuite>
