<?xml version="1.0" encoding="UTF-8"?>
<testsuite name="ro.ainpc.world.MappingDraftFactoryTest" tests="4" skipped="0" failures="0" errors="0" timestamp="2026-06-14T14:18:45.070Z" hostname="DESKTOP-FJTPE3F" time="0.023">
  <properties/>
  <testcase name="createsNpcBindDraftForSelectedPlaceAndRole()" classname="ro.ainpc.world.MappingDraftFactoryTest" time="0.008"/>
  <testcase name="createsAndAppliesPlaceDraftInsideSelectedRegion()" classname="ro.ainpc.world.MappingDraftFactoryTest" time="0.004"/>
  <testcase name="createsAndAppliesNodeDraftInCurrentPlace()" classname="ro.ainpc.world.MappingDraftFactoryTest" time="0.007"/>
  <testcase name="createsQuestAnchorDraftForSelectedNodeAndProgressionContext()" classname="ro.ainpc.world.MappingDraftFactoryTest" time="0.003"/>
  <system-out><![CDATA[]]></system-out>
  <system-err><![CDATA[]]></system-err>
</testsuite>
