<?xml version="1.0" encoding="UTF-8"?>
<testsuite name="ro.ainpc.StorageDialectStaticAuditTest" tests="2" skipped="0" failures="0" errors="0" timestamp="2026-06-10T19:28:25.504Z" hostname="DESKTOP-FJTPE3F" time="0.762">
  <properties/>
  <testcase name="dmlTranslationRemovesInventoriedSqliteOnlyDmlPatternsForMysql()" classname="ro.ainpc.StorageDialectStaticAuditTest" time="0.172"/>
  <testcase name="sqliteSpecificRuntimeSqlRemainsExplicitlyInventoried()" classname="ro.ainpc.StorageDialectStaticAuditTest" time="0.585"/>
  <system-out><![CDATA[]]></system-out>
  <system-err><![CDATA[]]></system-err>
</testsuite>
