<?xml version="1.0" encoding="UTF-8"?>
<testsuite name="ro.ainpc.StorageDialectStaticAuditTest" tests="2" skipped="0" failures="0" errors="0" timestamp="2026-06-10T19:13:51.156Z" hostname="DESKTOP-FJTPE3F" time="0.606">
  <properties/>
  <testcase name="dmlTranslationRemovesInventoriedSqliteOnlyDmlPatternsForMysql()" classname="ro.ainpc.StorageDialectStaticAuditTest" time="0.137"/>
  <testcase name="sqliteSpecificRuntimeSqlRemainsExplicitlyInventoried()" classname="ro.ainpc.StorageDialectStaticAuditTest" time="0.465"/>
  <system-out><![CDATA[]]></system-out>
  <system-err><![CDATA[]]></system-err>
</testsuite>
