<?xml version="1.0" encoding="UTF-8"?>
<testsuite name="ro.ainpc.world.WorldAdminServiceTest" tests="10" skipped="0" failures="0" errors="0" timestamp="2026-06-11T06:05:46.894Z" hostname="DESKTOP-FJTPE3F" time="0.025">
  <properties/>
  <testcase name="createAndSaveRoundTripPreservesGeneratedMapping()" classname="ro.ainpc.world.WorldAdminServiceTest" time="0.002"/>
  <testcase name="idsAreQualifiedToAvoidCollisions()" classname="ro.ainpc.world.WorldAdminServiceTest" time="0.002"/>
  <testcase name="autoIndexCanBeDisabledAndLookupStillWorks()" classname="ro.ainpc.world.WorldAdminServiceTest" time="0.002"/>
  <testcase name="lookupMethodsResolveSemanticLocation()" classname="ro.ainpc.world.WorldAdminServiceTest" time="0.002"/>
  <testcase name="createPlaceRejectsBoundsOutsideRegion()" classname="ro.ainpc.world.WorldAdminServiceTest" time="0.001"/>
  <testcase name="createDemoSettlementBuildsMinimalPlayableMapping()" classname="ro.ainpc.world.WorldAdminServiceTest" time="0.004"/>
  <testcase name="bindNpcToMappedPlacesPersistsOwnershipAndRoleMetadata()" classname="ro.ainpc.world.WorldAdminServiceTest" time="0.002"/>
  <testcase name="nodeLookupMethodsResolveCurrentAndNearbyNodes()" classname="ro.ainpc.world.WorldAdminServiceTest" time="0.004"/>
  <testcase name="createDemoSettlementAllocatesNextRegionIdWhenDefaultAlreadyExists()" classname="ro.ainpc.world.WorldAdminServiceTest" time="0.002"/>
  <testcase name="reloadFromConfigLoadsRegionsPlacesAndNodes()" classname="ro.ainpc.world.WorldAdminServiceTest" time="0.002"/>
  <system-out><![CDATA[]]></system-out>
  <system-err><![CDATA[Jun 11, 2026 9:05:46 AM ro.ainpc.world.WorldAdminService reloadFromConfig
INFO: World admin incarcat: 1 regiuni, 1 places, 1 noduri. Auto-index: activ.
Jun 11, 2026 9:05:46 AM ro.ainpc.world.WorldAdminService reloadFromConfig
INFO: World admin incarcat: 2 regiuni, 2 places, 0 noduri. Auto-index: activ.
Jun 11, 2026 9:05:46 AM ro.ainpc.world.WorldAdminService reloadFromConfig
INFO: World admin incarcat: 1 regiuni, 1 places, 0 noduri. Auto-index: dezactivat.
Jun 11, 2026 9:05:46 AM ro.ainpc.world.WorldAdminService reloadFromConfig
INFO: World admin incarcat: 1 regiuni, 1 places, 0 noduri. Auto-index: activ.
Jun 11, 2026 9:05:46 AM ro.ainpc.world.WorldAdminService reloadFromConfig
INFO: World admin incarcat: 1 regiuni, 9 places, 30 noduri. Auto-index: activ.
Jun 11, 2026 9:05:46 AM ro.ainpc.world.WorldAdminService reloadFromConfig
INFO: World admin incarcat: 1 regiuni, 9 places, 30 noduri. Auto-index: activ.
Jun 11, 2026 9:05:46 AM ro.ainpc.world.WorldAdminService reloadFromConfig
INFO: World admin incarcat: 1 regiuni, 1 places, 2 noduri. Auto-index: activ.
Jun 11, 2026 9:05:46 AM ro.ainpc.world.WorldAdminService reloadFromConfig
INFO: World admin incarcat: 1 regiuni, 1 places, 2 noduri. Auto-index: activ.
]]></system-err>
</testsuite>
