<?xml version="1.0" encoding="UTF-8"?>
<testsuite name="ro.ainpc.engine.FeaturePackDependencyValidatorTest" tests="4" skipped="0" failures="0" errors="0" timestamp="2026-06-10T18:51:54.555Z" hostname="DESKTOP-FJTPE3F" time="0.004">
  <properties/>
  <testcase name="ignoresBlankDependencyValues()" classname="ro.ainpc.engine.FeaturePackDependencyValidatorTest" time="0.002"/>
  <testcase name="removesTransitiveUnavailablePacksFromCandidateSet()" classname="ro.ainpc.engine.FeaturePackDependencyValidatorTest" time="0.001"/>
  <testcase name="reportsMissingDependenciesInDeclaredOrder()" classname="ro.ainpc.engine.FeaturePackDependencyValidatorTest" time="0.001"/>
  <testcase name="returnsNoMissingDependenciesWhenAllDeclaredPacksExist()" classname="ro.ainpc.engine.FeaturePackDependencyValidatorTest" time="0.0"/>
  <system-out><![CDATA[]]></system-out>
  <system-err><![CDATA[]]></system-err>
</testsuite>
