<?xml version="1.0" encoding="UTF-8"?>
<testsuite name="ro.ainpc.spawn.HouseAllocationTest" tests="3" skipped="0" failures="0" errors="0" timestamp="2026-06-11T11:57:50.848Z" hostname="DESKTOP-FJTPE3F" time="0.008">
  <properties/>
  <testcase name="toPlaceMetadataExportsTemporaryHouseholdMetadata()" classname="ro.ainpc.spawn.HouseAllocationTest" time="0.003"/>
  <testcase name="sourceKeyFallsBackToHomePlaceAndSanitizesResidentKey()" classname="ro.ainpc.spawn.HouseAllocationTest" time="0.003"/>
  <testcase name="toNpcSpawnPlansCarriesHouseFamilyAndResidentNodes()" classname="ro.ainpc.spawn.HouseAllocationTest" time="0.001"/>
  <system-out><![CDATA[]]></system-out>
  <system-err><![CDATA[]]></system-err>
</testsuite>
