<?xml version="1.0" encoding="UTF-8"?>
<testsuite name="ro.ainpc.spawn.HouseholdPersistenceServiceTest" tests="6" skipped="0" failures="0" errors="0" timestamp="2026-06-14T14:18:44.953Z" hostname="DESKTOP-FJTPE3F" time="0.046">
  <properties/>
  <testcase name="savesHouseholdAndResidentRows()" classname="ro.ainpc.spawn.HouseholdPersistenceServiceTest" time="0.013"/>
  <testcase name="repairsDuplicateResidentRowsByNpcId()" classname="ro.ainpc.spawn.HouseholdPersistenceServiceTest" time="0.008"/>
  <testcase name="backfillsHouseholdFromMetadataResidentIds()" classname="ro.ainpc.spawn.HouseholdPersistenceServiceTest" time="0.008"/>
  <testcase name="movedResidentIsRemovedFromPreviousHousehold()" classname="ro.ainpc.spawn.HouseholdPersistenceServiceTest" time="0.003"/>
  <testcase name="backfillsHouseholdFromNpcWorldBindings()" classname="ro.ainpc.spawn.HouseholdPersistenceServiceTest" time="0.008"/>
  <testcase name="recalculatesResidentCountsForSelectedHouseholds()" classname="ro.ainpc.spawn.HouseholdPersistenceServiceTest" time="0.002"/>
  <system-out><![CDATA[]]></system-out>
  <system-err><![CDATA[]]></system-err>
</testsuite>
