<?xml version="1.0" encoding="UTF-8"?>
<testsuite name="ro.ainpc.world.VillagePatchPlannerTest" tests="3" skipped="0" failures="0" errors="0" timestamp="2026-06-10T18:51:55.424Z" hostname="DESKTOP-FJTPE3F" time="0.021">
  <properties/>
  <testcase name="demoMappingHasNoRequiredPatchForInitialPlayablePopulation()" classname="ro.ainpc.world.VillagePatchPlannerTest" time="0.008"/>
  <testcase name="analyzerFindsCapacityProfessionSocialAndQuestGaps()" classname="ro.ainpc.world.VillagePatchPlannerTest" time="0.003"/>
  <testcase name="plannerTurnsGapsIntoReadOnlyPatchPlans()" classname="ro.ainpc.world.VillagePatchPlannerTest" time="0.01"/>
  <system-out><![CDATA[]]></system-out>
  <system-err><![CDATA[Jun 10, 2026 9:51:55 PM ro.ainpc.world.WorldAdminService reloadFromConfig
INFO: World admin incarcat: 1 regiuni, 2 places, 1 noduri. Auto-index: activ.
Jun 10, 2026 9:51:55 PM ro.ainpc.world.WorldAdminService reloadFromConfig
INFO: World admin incarcat: 1 regiuni, 1 places, 1 noduri. Auto-index: activ.
]]></system-err>
</testsuite>
