<?xml version="1.0" encoding="UTF-8"?>
<testsuite name="ro.ainpc.story.StoryStateServiceTest" tests="2" skipped="0" failures="0" errors="0" timestamp="2026-06-11T12:19:41.996Z" hostname="DESKTOP-FJTPE3F" time="0.013">
  <properties/>
  <testcase name="recordsRegionalStoryVisibleFromRegionScope()" classname="ro.ainpc.story.StoryStateServiceTest" time="0.011"/>
  <testcase name="recordsLocalPlaceStoryWithoutNpcTarget()" classname="ro.ainpc.story.StoryStateServiceTest" time="0.002"/>
  <system-out><![CDATA[]]></system-out>
  <system-err><![CDATA[]]></system-err>
</testsuite>
