<?xml version="1.0" encoding="UTF-8"?>
<testsuite name="ro.ainpc.progression.ProgressionFilterTest" tests="7" skipped="0" failures="0" errors="0" timestamp="2026-06-11T11:57:50.679Z" hostname="DESKTOP-FJTPE3F" time="0.006">
  <properties/>
  <testcase name="matchesTutorialProgressionsByGenericMetadata()" classname="ro.ainpc.progression.ProgressionFilterTest" time="0.002"/>
  <testcase name="matchesBountyProgressionsByGenericMetadata()" classname="ro.ainpc.progression.ProgressionFilterTest" time="0.0"/>
  <testcase name="matchesEventProgressionsByGenericMetadata()" classname="ro.ainpc.progression.ProgressionFilterTest" time="0.0"/>
  <testcase name="matchesDefinitionByStructuredMetadataFields()" classname="ro.ainpc.progression.ProgressionFilterTest" time="0.001"/>
  <testcase name="matchesStoredProgressionByStatusAndStructuredMetadataFields()" classname="ro.ainpc.progression.ProgressionFilterTest" time="0.001"/>
  <testcase name="matchesRitualProgressionsByGenericMetadata()" classname="ro.ainpc.progression.ProgressionFilterTest" time="0.0"/>
  <testcase name="matchesDutyProgressionsByGenericMetadata()" classname="ro.ainpc.progression.ProgressionFilterTest" time="0.0"/>
  <system-out><![CDATA[]]></system-out>
  <system-err><![CDATA[]]></system-err>
</testsuite>
