<?xml version="1.0" encoding="UTF-8"?>
<testsuite name="ro.ainpc.progression.ProgressionSelectorTest" tests="10" skipped="0" failures="0" errors="0" timestamp="2026-06-11T11:57:50.819Z" hostname="DESKTOP-FJTPE3F" time="0.005">
  <properties/>
  <testcase name="prefixesShortKindAlias()" classname="ro.ainpc.progression.ProgressionSelectorTest" time="0.002"/>
  <testcase name="parsesPackMechanicQualifiedSelector()" classname="ro.ainpc.progression.ProgressionSelectorTest" time="0.001"/>
  <testcase name="prefixesShortTutorialAlias()" classname="ro.ainpc.progression.ProgressionSelectorTest" time="0.0"/>
  <testcase name="normalizesTrackedAliases()" classname="ro.ainpc.progression.ProgressionSelectorTest" time="0.0"/>
  <testcase name="preservesQualifiedContractAlias()" classname="ro.ainpc.progression.ProgressionSelectorTest" time="0.001"/>
  <testcase name="parsesSimpleDefinitionSelector()" classname="ro.ainpc.progression.ProgressionSelectorTest" time="0.0"/>
  <testcase name="parsesMechanicQualifiedSelector()" classname="ro.ainpc.progression.ProgressionSelectorTest" time="0.0"/>
  <testcase name="prefixesShortEventAlias()" classname="ro.ainpc.progression.ProgressionSelectorTest" time="0.0"/>
  <testcase name="prefixesShortRitualAlias()" classname="ro.ainpc.progression.ProgressionSelectorTest" time="0.0"/>
  <testcase name="prefixesShortContractAlias()" classname="ro.ainpc.progression.ProgressionSelectorTest" time="0.0"/>
  <system-out><![CDATA[]]></system-out>
  <system-err><![CDATA[]]></system-err>
</testsuite>
