<?xml version="1.0" encoding="UTF-8"?>
<testsuite name="ro.ainpc.spawn.HouseAllocationValidatorTest" tests="4" skipped="0" failures="0" errors="0" timestamp="2026-06-10T17:27:16.227Z" hostname="DESKTOP-FJTPE3F" time="0.005">
  <properties/>
  <testcase name="rejectsResidentCountOverCapacity()" classname="ro.ainpc.spawn.HouseAllocationValidatorTest" time="0.002"/>
  <testcase name="validAllocationPassesWhenHouseNodesAndWorkplaceExist()" classname="ro.ainpc.spawn.HouseAllocationValidatorTest" time="0.001"/>
  <testcase name="rejectsProfessionWithoutWorkAnchor()" classname="ro.ainpc.spawn.HouseAllocationValidatorTest" time="0.001"/>
  <testcase name="rejectsDuplicateHomeNodesAcrossResidents()" classname="ro.ainpc.spawn.HouseAllocationValidatorTest" time="0.0"/>
  <system-out><![CDATA[]]></system-out>
  <system-err><![CDATA[]]></system-err>
</testsuite>
