<?xml version="1.0" encoding="UTF-8"?>
<testsuite name="ro.ainpc.debug.DebugDumpOutputContractTest" tests="6" skipped="0" failures="0" errors="0" timestamp="2026-06-14T12:55:45.890Z" hostname="DESKTOP-FJTPE3F" time="0.006">
  <properties/>
  <testcase name="debugDumpServiceDeclaresExpectedExportFiles()" classname="ro.ainpc.debug.DebugDumpOutputContractTest" time="0.001"/>
  <testcase name="worldMappingExportContainsSemanticIndexContract()" classname="ro.ainpc.debug.DebugDumpOutputContractTest" time="0.001"/>
  <testcase name="textExportsRouteSensitiveContentThroughRedaction()" classname="ro.ainpc.debug.DebugDumpOutputContractTest" time="0.001"/>
  <testcase name="progressionExportContainsSummaryCountersAndRowsContract()" classname="ro.ainpc.debug.DebugDumpOutputContractTest" time="0.001"/>
  <testcase name="storyExportsContainStateAndEventRowsContracts()" classname="ro.ainpc.debug.DebugDumpOutputContractTest" time="0.001"/>
  <testcase name="npcBindingExportContainsRowsAndReferenceHealthContract()" classname="ro.ainpc.debug.DebugDumpOutputContractTest" time="0.001"/>
  <system-out><![CDATA[]]></system-out>
  <system-err><![CDATA[]]></system-err>
</testsuite>
