<?xml version="1.0" encoding="UTF-8"?>
<testsuite name="ro.ainpc.world.VillagePatchPlannerTest" tests="3" skipped="0" failures="0" errors="0" timestamp="2026-06-11T11:57:51.042Z" hostname="DESKTOP-FJTPE3F" time="0.021">
  <properties/>
  <testcase name="demoMappingHasNoRequiredPatchForInitialPlayablePopulation()" classname="ro.ainpc.world.VillagePatchPlannerTest" time="0.008"/>
  <testcase name="analyzerFindsCapacityProfessionSocialAndQuestGaps()" classname="ro.ainpc.world.VillagePatchPlannerTest" time="0.002"/>
  <testcase name="plannerTurnsGapsIntoReadOnlyPatchPlans()" classname="ro.ainpc.world.VillagePatchPlannerTest" time="0.009"/>
  <system-out><![CDATA[]]></system-out>
  <system-err><![CDATA[Jun 11, 2026 2:57:51 PM ro.ainpc.world.WorldAdminService reloadFromConfig
INFO: World admin incarcat: 1 regiuni, 2 places, 1 noduri. Auto-index: activ.
Jun 11, 2026 2:57:51 PM ro.ainpc.world.WorldAdminService reloadFromConfig
INFO: World admin incarcat: 1 regiuni, 1 places, 1 noduri. Auto-index: activ.
]]></system-err>
</testsuite>
