<?xml version="1.0" encoding="UTF-8"?>
<testsuite name="ro.ainpc.engine.ScenarioEngineTextTest" tests="18" skipped="0" failures="0" errors="0" timestamp="2026-06-11T12:54:26.828Z" hostname="DESKTOP-FJTPE3F" time="0.247">
  <properties/>
  <testcase name="questStatusKeepsLegacyDisplayLabels()" classname="ro.ainpc.engine.ScenarioEngineTextTest" time="0.023"/>
  <testcase name="joinNaturallyUsesRomanianConnector()" classname="ro.ainpc.engine.ScenarioEngineTextTest" time="0.022"/>
  <testcase name="describeQuestProgressPrefersQuestCodeThenTemplateId()" classname="ro.ainpc.engine.ScenarioEngineTextTest" time="0.005"/>
  <testcase name="questMaterialResolutionUsesBukkitMaterialWhenAvailable()" classname="ro.ainpc.engine.ScenarioEngineTextTest" time="0.089"/>
  <testcase name="questEntryFormattingKeepsObjectiveStoryAndFallbackBranches()" classname="ro.ainpc.engine.ScenarioEngineTextTest" time="0.007"/>
  <testcase name="questLogMechanicCountsFormatsEmptyAndCaseInsensitiveSortedCounts()" classname="ro.ainpc.engine.ScenarioEngineTextTest" time="0.003"/>
  <testcase name="missingObjectiveTextKeepsAmountsAndTargetFallbacks()" classname="ro.ainpc.engine.ScenarioEngineTextTest" time="0.002"/>
  <testcase name="progressionLabelCapitalizationKeepsLegacyFallbacks()" classname="ro.ainpc.engine.ScenarioEngineTextTest" time="0.001"/>
  <testcase name="questAmountFormatsMaterialNamesAndFallbackItem()" classname="ro.ainpc.engine.ScenarioEngineTextTest" time="0.0"/>
  <testcase name="questDebugMapFormatsSortedLimitedRows()" classname="ro.ainpc.engine.ScenarioEngineTextTest" time="0.004"/>
  <testcase name="configKeysAreLowercaseUnderscoreAndAsciiSafe()" classname="ro.ainpc.engine.ScenarioEngineTextTest" time="0.001"/>
  <testcase name="questFallbackPlaceholdersUseProvidedValuesAndDefaults()" classname="ro.ainpc.engine.ScenarioEngineTextTest" time="0.042"/>
  <testcase name="humanizeItemIdKeepsLegacyLowercaseSpacing()" classname="ro.ainpc.engine.ScenarioEngineTextTest" time="0.0"/>
  <testcase name="fallbackAndOptionalFormattingKeepLegacyBlankHandling()" classname="ro.ainpc.engine.ScenarioEngineTextTest" time="0.0"/>
  <testcase name="stageCompletionModesUseLegacyDisplayLabels()" classname="ro.ainpc.engine.ScenarioEngineTextTest" time="0.002"/>
  <testcase name="objectiveProgressLabelsKeepLegacyWording()" classname="ro.ainpc.engine.ScenarioEngineTextTest" time="0.001"/>
  <testcase name="resolveQuestTitleUsesQuestCodePrefixWhenAvailable()" classname="ro.ainpc.engine.ScenarioEngineTextTest" time="0.009"/>
  <testcase name="durationFormattingRoundsUpToReadableUnits()" classname="ro.ainpc.engine.ScenarioEngineTextTest" time="0.005"/>
  <system-out><![CDATA[]]></system-out>
  <system-err><![CDATA[]]></system-err>
</testsuite>
