<?xml version="1.0" encoding="UTF-8"?>
<testsuite name="ro.ainpc.engine.QuestDecisionIntentResolverTest" tests="4" skipped="0" failures="0" errors="0" timestamp="2026-06-10T17:27:15.635Z" hostname="DESKTOP-FJTPE3F" time="0.009">
  <properties/>
  <testcase name="resolvesDeclinePhrasesWithoutMistakingQuestQuestionsForDeclines()" classname="ro.ainpc.engine.QuestDecisionIntentResolverTest" time="0.005"/>
  <testcase name="resolvesShortAcceptOnlyWhenQuestOfferIsActive()" classname="ro.ainpc.engine.QuestDecisionIntentResolverTest" time="0.001"/>
  <testcase name="resolvesNaturalAcceptPhrasesForActiveOffer()" classname="ro.ainpc.engine.QuestDecisionIntentResolverTest" time="0.0"/>
  <testcase name="normalizesRomanianDiacritics()" classname="ro.ainpc.engine.QuestDecisionIntentResolverTest" time="0.001"/>
  <system-out><![CDATA[]]></system-out>
  <system-err><![CDATA[]]></system-err>
</testsuite>
