<?xml version="1.0" encoding="UTF-8"?>
<testsuite name="ro.ainpc.engine.QuestLogFilterTest" tests="36" skipped="0" failures="0" errors="0" timestamp="2026-06-10T19:13:52.202Z" hostname="DESKTOP-FJTPE3F" time="0.02">
  <properties/>
  <testcase name="parseHandlesRomanianDiacriticsViaNormalization()" classname="ro.ainpc.engine.QuestLogFilterTest" time="0.003"/>
  <testcase name="parseReturnsSideForSideAliases()" classname="ro.ainpc.engine.QuestLogFilterTest" time="0.001"/>
  <testcase name="parseReturnsContractTrackedForContractTrackedAliases()" classname="ro.ainpc.engine.QuestLogFilterTest" time="0.0"/>
  <testcase name="parseReturnsContractArchivedForArchived()" classname="ro.ainpc.engine.QuestLogFilterTest" time="0.001"/>
  <testcase name="parseReturnsContractKindForContractAliases()" classname="ro.ainpc.engine.QuestLogFilterTest" time="0.0"/>
  <testcase name="questLogStatusPriorityReturns3ForNull()" classname="ro.ainpc.engine.QuestLogFilterTest" time="0.001"/>
  <testcase name="questLogStatusPriorityReturns2ForFailed()" classname="ro.ainpc.engine.QuestLogFilterTest" time="0.001"/>
  <testcase name="parseReturnsEventKindForEventAliases()" classname="ro.ainpc.engine.QuestLogFilterTest" time="0.001"/>
  <testcase name="questLogStatusPriorityReturns0ForActive()" classname="ro.ainpc.engine.QuestLogFilterTest" time="0.0"/>
  <testcase name="parseReturnsContractCurrentForContractCurrentAliases()" classname="ro.ainpc.engine.QuestLogFilterTest" time="0.0"/>
  <testcase name="parseIsCaseInsensitive()" classname="ro.ainpc.engine.QuestLogFilterTest" time="0.001"/>
  <testcase name="parseReturnsDutyKindForDutyAliases()" classname="ro.ainpc.engine.QuestLogFilterTest" time="0.0"/>
  <testcase name="parseReturnsContractFailedForFailed()" classname="ro.ainpc.engine.QuestLogFilterTest" time="0.0"/>
  <testcase name="parseReturnsActiveForActiveAliases()" classname="ro.ainpc.engine.QuestLogFilterTest" time="0.001"/>
  <testcase name="questLogStatusPriorityReturns1ForOffered()" classname="ro.ainpc.engine.QuestLogFilterTest" time="0.0"/>
  <testcase name="parseReturnsTutorialKindForTutorialAliases()" classname="ro.ainpc.engine.QuestLogFilterTest" time="0.0"/>
  <testcase name="parseReturnsSummaryForEmptyFilter()" classname="ro.ainpc.engine.QuestLogFilterTest" time="0.001"/>
  <testcase name="parseReturnsContractActiveForContractActiveAliases()" classname="ro.ainpc.engine.QuestLogFilterTest" time="0.0"/>
  <testcase name="parseReturnsRitualKindForRitualAliases()" classname="ro.ainpc.engine.QuestLogFilterTest" time="0.0"/>
  <testcase name="parseReturnsCurrentForCurrentAliases()" classname="ro.ainpc.engine.QuestLogFilterTest" time="0.0"/>
  <testcase name="parseReturnsBountyKindForBountyAliases()" classname="ro.ainpc.engine.QuestLogFilterTest" time="0.0"/>
  <testcase name="parseReturnsArchivedForArchivedAliases()" classname="ro.ainpc.engine.QuestLogFilterTest" time="0.001"/>
  <testcase name="parseReturnsContractCompletedForCompleted()" classname="ro.ainpc.engine.QuestLogFilterTest" time="0.0"/>
  <testcase name="questLogStatusPriorityReturns2ForCompleted()" classname="ro.ainpc.engine.QuestLogFilterTest" time="0.001"/>
  <testcase name="parseReturnsSummaryForNullFilter()" classname="ro.ainpc.engine.QuestLogFilterTest" time="0.0"/>
  <testcase name="parseReturnsSummaryForUnknownFilter()" classname="ro.ainpc.engine.QuestLogFilterTest" time="0.0"/>
  <testcase name="parseReturnsTrackedForTrackedAliases()" classname="ro.ainpc.engine.QuestLogFilterTest" time="0.001"/>
  <testcase name="parseReturnsCompletedForCompletedAliases()" classname="ro.ainpc.engine.QuestLogFilterTest" time="0.0"/>
  <testcase name="parseReturnsRepeatableForRepeatableAliases()" classname="ro.ainpc.engine.QuestLogFilterTest" time="0.001"/>
  <testcase name="parseReturnsQuestKindForQuestAliases()" classname="ro.ainpc.engine.QuestLogFilterTest" time="0.0"/>
  <testcase name="parseReturnsOfferedForOfferedAliases()" classname="ro.ainpc.engine.QuestLogFilterTest" time="0.0"/>
  <testcase name="parseReturnsContractOfferedForContractOfferedAliases()" classname="ro.ainpc.engine.QuestLogFilterTest" time="0.001"/>
  <testcase name="parseReturnsSummaryForWhitespaceFilter()" classname="ro.ainpc.engine.QuestLogFilterTest" time="0.0"/>
  <testcase name="parseReturnsAllForAllAliases()" classname="ro.ainpc.engine.QuestLogFilterTest" time="0.001"/>
  <testcase name="parseReturnsFailedForFailedAliases()" classname="ro.ainpc.engine.QuestLogFilterTest" time="0.0"/>
  <testcase name="parseReturnsMainForMainAliases()" classname="ro.ainpc.engine.QuestLogFilterTest" time="0.0"/>
  <system-out><![CDATA[]]></system-out>
  <system-err><![CDATA[]]></system-err>
</testsuite>
