<?xml version="1.0" encoding="UTF-8"?>
<testsuite name="ro.ainpc.progression.ProgressionSnapshotTest" tests="5" skipped="0" failures="0" errors="0" timestamp="2026-06-14T12:55:46.782Z" hostname="DESKTOP-FJTPE3F" time="0.012">
  <properties/>
  <testcase name="guiSnapshotCanConvertQuestEntriesToProgressionEntries()" classname="ro.ainpc.progression.ProgressionSnapshotTest" time="0.006"/>
  <testcase name="progressSnapshotCanRepresentNotHandledResult()" classname="ro.ainpc.progression.ProgressionSnapshotTest" time="0.002"/>
  <testcase name="progressSnapshotCanCarryObjectiveSnapshots()" classname="ro.ainpc.progression.ProgressionSnapshotTest" time="0.001"/>
  <testcase name="statusSnapshotPreservesNormalizedSelectorAndMessages()" classname="ro.ainpc.progression.ProgressionSnapshotTest" time="0.001"/>
  <testcase name="statusSnapshotCanCarryStructuredEntryData()" classname="ro.ainpc.progression.ProgressionSnapshotTest" time="0.001"/>
  <system-out><![CDATA[]]></system-out>
  <system-err><![CDATA[]]></system-err>
</testsuite>
