<?xml version="1.0" encoding="UTF-8"?>
<testsuite name="ro.ainpc.ai.orchestration.AIOrchestrationServiceTest" tests="4" skipped="0" failures="0" errors="0" timestamp="2026-06-10T17:27:15.405Z" hostname="DESKTOP-FJTPE3F" time="0.01">
  <properties/>
  <testcase name="nullRequestFailsValidation()" classname="ro.ainpc.ai.orchestration.AIOrchestrationServiceTest" time="0.002"/>
  <testcase name="disabledServiceReturnsDeterministicFallback()" classname="ro.ainpc.ai.orchestration.AIOrchestrationServiceTest" time="0.003"/>
  <testcase name="requestSanitizesContextAndKeepsItImmutable()" classname="ro.ainpc.ai.orchestration.AIOrchestrationServiceTest" time="0.002"/>
  <testcase name="questDraftPolicyRequiresValidationAndCannotExecuteRuntime()" classname="ro.ainpc.ai.orchestration.AIOrchestrationServiceTest" time="0.0"/>
  <system-out><![CDATA[]]></system-out>
  <system-err><![CDATA[]]></system-err>
</testsuite>
