<?xml version="1.0" encoding="UTF-8"?>
<testsuite name="ro.ainpc.gui.QuestLogGuiPageTest" tests="5" skipped="0" failures="0" errors="0" timestamp="2026-06-11T11:57:50.503Z" hostname="DESKTOP-FJTPE3F" time="0.007">
  <properties/>
  <testcase name="emptyEntriesProduceSingleEmptyPage()" classname="ro.ainpc.gui.QuestLogGuiPageTest" time="0.002"/>
  <testcase name="paginatesGroupedRowsAndClampsRequestedPage()" classname="ro.ainpc.gui.QuestLogGuiPageTest" time="0.003"/>
  <testcase name="groupsEntriesByMechanicPreservingFirstSeenGroupOrder()" classname="ro.ainpc.gui.QuestLogGuiPageTest" time="0.0"/>
  <testcase name="repeatsGroupHeaderWhenLargeGroupSpansPages()" classname="ro.ainpc.gui.QuestLogGuiPageTest" time="0.001"/>
  <testcase name="avoidsOrphanGroupHeaderAtEndOfPage()" classname="ro.ainpc.gui.QuestLogGuiPageTest" time="0.0"/>
  <system-out><![CDATA[]]></system-out>
  <system-err><![CDATA[]]></system-err>
</testsuite>
