<?xml version="1.0" encoding="UTF-8"?>
<testsuite name="ro.ainpc.world.mapping.MappingIntentParserTest" tests="4" skipped="0" failures="0" errors="0" timestamp="2026-06-11T06:05:46.920Z" hostname="DESKTOP-FJTPE3F" time="0.002">
  <properties/>
  <testcase name="suggestsForgeWithoutProfessionMetadataFromPrompt()" classname="ro.ainpc.world.mapping.MappingIntentParserTest" time="0.001"/>
  <testcase name="suggestsMarketPlaceFromPrompt()" classname="ro.ainpc.world.mapping.MappingIntentParserTest" time="0.0"/>
  <testcase name="suggestsQuestBoardNodeFromPrompt()" classname="ro.ainpc.world.mapping.MappingIntentParserTest" time="0.001"/>
  <testcase name="suggestsHouseWithoutThematicProfessionFromRomanianPrompt()" classname="ro.ainpc.world.mapping.MappingIntentParserTest" time="0.0"/>
  <system-out><![CDATA[]]></system-out>
  <system-err><![CDATA[]]></system-err>
</testsuite>
