<?xml version="1.0" encoding="UTF-8"?>
<testsuite name="ro.ainpc.commands.PluginCommandDescriptorTest" tests="5" skipped="0" failures="0" errors="0" timestamp="2026-06-10T17:27:15.555Z" hostname="DESKTOP-FJTPE3F" time="0.016">
  <properties/>
  <testcase name="infoCommandSupportsExplicitNearestSelector()" classname="ro.ainpc.commands.PluginCommandDescriptorTest" time="0.002"/>
  <testcase name="pluginYmlDeclaresProgressionAndContractCommandFacades()" classname="ro.ainpc.commands.PluginCommandDescriptorTest" time="0.005"/>
  <testcase name="mainHelpMentionsAllDemoCommandFamilies()" classname="ro.ainpc.commands.PluginCommandDescriptorTest" time="0.004"/>
  <testcase name="npcInteractionGuiKeepsNearestRoutineCommandExplicit()" classname="ro.ainpc.commands.PluginCommandDescriptorTest" time="0.001"/>
  <testcase name="routineCommandsKeepNearestStatusExplicit()" classname="ro.ainpc.commands.PluginCommandDescriptorTest" time="0.002"/>
  <system-out><![CDATA[]]></system-out>
  <system-err><![CDATA[]]></system-err>
</testsuite>
