<?xml version="1.0" encoding="UTF-8"?>
<testsuite name="ro.ainpc.engine.ScenarioRoleScoringTest" tests="2" skipped="0" failures="0" errors="0" timestamp="2026-06-11T15:17:10.746Z" hostname="DESKTOP-FJTPE3F" time="0.001">
  <properties/>
  <testcase name="normalizeScenarioTokenTrimsAndLowercasesWithoutChangingInternalSpacing()" classname="ro.ainpc.engine.ScenarioRoleScoringTest" time="0.001"/>
  <testcase name="scoreBooleanReturnsConfiguredScoreOnlyWhenConditionMatches()" classname="ro.ainpc.engine.ScenarioRoleScoringTest" time="0.0"/>
  <system-out><![CDATA[]]></system-out>
  <system-err><![CDATA[]]></system-err>
</testsuite>
