<?xml version="1.0" encoding="UTF-8"?>
<testsuite name="ro.ainpc.engine.QuestTrackingModelsTest" tests="5" skipped="0" failures="0" errors="0" timestamp="2026-06-11T11:57:50.292Z" hostname="DESKTOP-FJTPE3F" time="0.007">
  <properties/>
  <testcase name="anchorTypesNormalizeKnownValuesAndKeepCustomFallbacks()" classname="ro.ainpc.engine.QuestTrackingModelsTest" time="0.001"/>
  <testcase name="trackingCoordinatesUseRoundedBlockPositions()" classname="ro.ainpc.engine.QuestTrackingModelsTest" time="0.002"/>
  <testcase name="centerAndQuestPhaseKeepLegacyFormatting()" classname="ro.ainpc.engine.QuestTrackingModelsTest" time="0.002"/>
  <testcase name="horizontalDirectionKeepsCompassBuckets()" classname="ro.ainpc.engine.QuestTrackingModelsTest" time="0.001"/>
  <testcase name="verticalHintUsesRoundedFourBlockThreshold()" classname="ro.ainpc.engine.QuestTrackingModelsTest" time="0.0"/>
  <system-out><![CDATA[]]></system-out>
  <system-err><![CDATA[]]></system-err>
</testsuite>
