<?xml version="1.0" encoding="UTF-8"?>
<testsuite name="ro.ainpc.debug.DebugDumpSecretsTest" tests="3" skipped="0" failures="0" errors="0" timestamp="2026-06-10T17:27:15.591Z" hostname="DESKTOP-FJTPE3F" time="0.013">
  <properties/>
  <testcase name="sanitizeConfigRedactsNestedDebugDumpSecrets()" classname="ro.ainpc.debug.DebugDumpSecretsTest" time="0.01"/>
  <testcase name="scannerFlagsUnredactedSecretsButAllowsOrdinaryDebugText()" classname="ro.ainpc.debug.DebugDumpSecretsTest" time="0.001"/>
  <testcase name="redactsCommonSecretShapesFromPlainText()" classname="ro.ainpc.debug.DebugDumpSecretsTest" time="0.001"/>
  <system-out><![CDATA[]]></system-out>
  <system-err><![CDATA[]]></system-err>
</testsuite>
