<?xml version="1.0" encoding="UTF-8"?>
<testsuite name="ro.ainpc.engine.FeaturePackDependencyValidatorTest" tests="4" skipped="0" failures="0" errors="0" timestamp="2026-06-12T07:55:08.118Z" hostname="DESKTOP-FJTPE3F" time="0.025">
  <properties/>
  <testcase name="ignoresBlankDependencyValues()" classname="ro.ainpc.engine.FeaturePackDependencyValidatorTest" time="0.017"/>
  <testcase name="removesTransitiveUnavailablePacksFromCandidateSet()" classname="ro.ainpc.engine.FeaturePackDependencyValidatorTest" time="0.006"/>
  <testcase name="reportsMissingDependenciesInDeclaredOrder()" classname="ro.ainpc.engine.FeaturePackDependencyValidatorTest" time="0.001"/>
  <testcase name="returnsNoMissingDependenciesWhenAllDeclaredPacksExist()" classname="ro.ainpc.engine.FeaturePackDependencyValidatorTest" time="0.001"/>
  <system-out><![CDATA[]]></system-out>
  <system-err><![CDATA[]]></system-err>
</testsuite>
