<?xml version="1.0" encoding="UTF-8"?>
<testsuite name="ro.ainpc.world.QuestAnchorResolverTest" tests="7" skipped="0" failures="0" errors="0" timestamp="2026-06-10T19:28:27.974Z" hostname="DESKTOP-FJTPE3F" time="0.029">
  <properties/>
  <testcase name="resolvesMarketContractAnchorsFromTagsAndNodeSemantic()" classname="ro.ainpc.world.QuestAnchorResolverTest" time="0.011"/>
  <testcase name="reportsMissingSemanticAnchor()" classname="ro.ainpc.world.QuestAnchorResolverTest" time="0.002"/>
  <testcase name="usesStableYamlEntryIdsForAnchorKeys()" classname="ro.ainpc.world.QuestAnchorResolverTest" time="0.002"/>
  <testcase name="resolvesBountyFarmAnchorFromPlaceTag()" classname="ro.ainpc.world.QuestAnchorResolverTest" time="0.003"/>
  <testcase name="resolvesStableRegionAnchorFromTypeReference()" classname="ro.ainpc.world.QuestAnchorResolverTest" time="0.003"/>
  <testcase name="resolvesRitualAnchorsFromTagAndNodeSemantic()" classname="ro.ainpc.world.QuestAnchorResolverTest" time="0.003"/>
  <testcase name="resolvesPlaceAndNodeAnchorsFromQuestObjectives()" classname="ro.ainpc.world.QuestAnchorResolverTest" time="0.003"/>
  <system-out><![CDATA[]]></system-out>
  <system-err><![CDATA[Jun 10, 2026 10:28:27 PM ro.ainpc.world.WorldAdminService reloadFromConfig
INFO: World admin incarcat: 1 regiuni, 1 places, 1 noduri. Auto-index: activ.
Jun 10, 2026 10:28:27 PM ro.ainpc.world.WorldAdminService reloadFromConfig
INFO: World admin incarcat: 1 regiuni, 0 places, 0 noduri. Auto-index: activ.
Jun 10, 2026 10:28:27 PM ro.ainpc.world.WorldAdminService reloadFromConfig
INFO: World admin incarcat: 1 regiuni, 1 places, 0 noduri. Auto-index: activ.
Jun 10, 2026 10:28:27 PM ro.ainpc.world.WorldAdminService reloadFromConfig
INFO: World admin incarcat: 1 regiuni, 1 places, 0 noduri. Auto-index: activ.
Jun 10, 2026 10:28:27 PM ro.ainpc.world.WorldAdminService reloadFromConfig
INFO: World admin incarcat: 1 regiuni, 0 places, 0 noduri. Auto-index: activ.
Jun 10, 2026 10:28:28 PM ro.ainpc.world.WorldAdminService reloadFromConfig
INFO: World admin incarcat: 1 regiuni, 1 places, 1 noduri. Auto-index: activ.
Jun 10, 2026 10:28:28 PM ro.ainpc.world.WorldAdminService reloadFromConfig
INFO: World admin incarcat: 1 regiuni, 1 places, 1 noduri. Auto-index: activ.
]]></system-err>
</testsuite>
