<?xml version="1.0" encoding="UTF-8"?>
<testsuite name="ro.ainpc.engine.runtime.ScenarioRuntimeRegistryTest" tests="4" skipped="0" failures="0" errors="0" timestamp="2026-06-12T07:55:08.585Z" hostname="DESKTOP-FJTPE3F" time="0.007">
  <properties/>
  <testcase name="executionContextAndDefinitionSanitizeMaps()" classname="ro.ainpc.engine.runtime.ScenarioRuntimeRegistryTest" time="0.002"/>
  <testcase name="validateActionAcceptsRegisteredHandlerAndWarnsForMissingStableId()" classname="ro.ainpc.engine.runtime.ScenarioRuntimeRegistryTest" time="0.003"/>
  <testcase name="validateActionReportsMissingHandler()" classname="ro.ainpc.engine.runtime.ScenarioRuntimeRegistryTest" time="0.0"/>
  <testcase name="actionRegistryNormalizesLookupAndRejectsDuplicateHandlers()" classname="ro.ainpc.engine.runtime.ScenarioRuntimeRegistryTest" time="0.0"/>
  <system-out><![CDATA[]]></system-out>
  <system-err><![CDATA[]]></system-err>
</testsuite>
