<?xml version="1.0" encoding="UTF-8"?>
<testsuite name="ro.ainpc.spawn.HouseholdPersistenceServiceTest" tests="6" skipped="0" failures="0" errors="0" timestamp="2026-06-10T19:28:27.827Z" hostname="DESKTOP-FJTPE3F" time="0.052">
  <properties/>
  <testcase name="savesHouseholdAndResidentRows()" classname="ro.ainpc.spawn.HouseholdPersistenceServiceTest" time="0.015"/>
  <testcase name="repairsDuplicateResidentRowsByNpcId()" classname="ro.ainpc.spawn.HouseholdPersistenceServiceTest" time="0.011"/>
  <testcase name="backfillsHouseholdFromMetadataResidentIds()" classname="ro.ainpc.spawn.HouseholdPersistenceServiceTest" time="0.01"/>
  <testcase name="movedResidentIsRemovedFromPreviousHousehold()" classname="ro.ainpc.spawn.HouseholdPersistenceServiceTest" time="0.004"/>
  <testcase name="backfillsHouseholdFromNpcWorldBindings()" classname="ro.ainpc.spawn.HouseholdPersistenceServiceTest" time="0.008"/>
  <testcase name="recalculatesResidentCountsForSelectedHouseholds()" classname="ro.ainpc.spawn.HouseholdPersistenceServiceTest" time="0.003"/>
  <system-out><![CDATA[]]></system-out>
  <system-err><![CDATA[]]></system-err>
</testsuite>
