<?xml version="1.0" encoding="UTF-8"?>
<testsuite name="ro.ainpc.world.SemanticVillageMapperTest" tests="2" skipped="0" failures="0" errors="0" timestamp="2026-06-14T14:18:45.130Z" hostname="DESKTOP-FJTPE3F" time="0.023">
  <properties/>
  <testcase name="importScanCreatesSemanticRegionPlacesAndNodes()" classname="ro.ainpc.world.SemanticVillageMapperTest" time="0.022"/>
  <testcase name="importScanRejectsEmptyVillageSignals()" classname="ro.ainpc.world.SemanticVillageMapperTest" time="0.0"/>
  <system-out><![CDATA[]]></system-out>
  <system-err><![CDATA[]]></system-err>
</testsuite>
