<?xml version="1.0" encoding="UTF-8"?>
<testsuite name="ro.ainpc.engine.QuestDirectorTest" tests="8" skipped="0" failures="0" errors="0" timestamp="2026-06-11T15:17:10.412Z" hostname="DESKTOP-FJTPE3F" time="0.024">
  <properties/>
  <testcase name="storyDemandWithPreferredMechanicSelectsReadOnlyCandidate()" classname="ro.ainpc.engine.QuestDirectorTest" time="0.013"/>
  <testcase name="storyDemandSelectsMatchingProgressionDefinitionReadOnly()" classname="ro.ainpc.engine.QuestDirectorTest" time="0.003"/>
  <testcase name="decisionIsImmutableAndNeverRuntimeExecutable()" classname="ro.ainpc.engine.QuestDirectorTest" time="0.002"/>
  <testcase name="emptyStoryContextDoesNotStartQuestSelection()" classname="ro.ainpc.engine.QuestDirectorTest" time="0.001"/>
  <testcase name="storyDemandSuggestsSeedWhenNoTemplateMatchesAndSeedIsAllowed()" classname="ro.ainpc.engine.QuestDirectorTest" time="0.001"/>
  <testcase name="storyConditionBlockExplainsMissingCondition()" classname="ro.ainpc.engine.QuestDirectorTest" time="0.001"/>
  <testcase name="blockingReasonsWinBeforeTemplateSelection()" classname="ro.ainpc.engine.QuestDirectorTest" time="0.001"/>
  <testcase name="storyDemandBlocksWhenNoTemplateMatchesAndSeedIsNotAllowed()" classname="ro.ainpc.engine.QuestDirectorTest" time="0.001"/>
  <system-out><![CDATA[]]></system-out>
  <system-err><![CDATA[]]></system-err>
</testsuite>
