<?xml version="1.0" encoding="UTF-8"?>
<testsuite name="ro.ainpc.platform.features.RuntimeFeatureResolverTest" tests="4" skipped="0" failures="0" errors="0" timestamp="2026-06-11T12:09:32.773Z" hostname="DESKTOP-FJTPE3F" time="0.012">
  <properties/>
  <testcase name="resolverAppliesConfigOverridesWithoutChangingRuntimeBehavior()" classname="ro.ainpc.platform.features.RuntimeFeatureResolverTest" time="0.006"/>
  <testcase name="resolverIncludesAddonCapabilitySources()" classname="ro.ainpc.platform.features.RuntimeFeatureResolverTest" time="0.001"/>
  <testcase name="resolverIncludesServerProfileSources()" classname="ro.ainpc.platform.features.RuntimeFeatureResolverTest" time="0.002"/>
  <testcase name="resolverUsesShippedDefaultsWhenConfigIsMissing()" classname="ro.ainpc.platform.features.RuntimeFeatureResolverTest" time="0.0"/>
  <system-out><![CDATA[]]></system-out>
  <system-err><![CDATA[]]></system-err>
</testsuite>
