<?xml version="1.0" encoding="UTF-8"?>
<testsuite name="ro.ainpc.engine.QuestTemplateSelectorTest" tests="5" skipped="0" failures="0" errors="0" timestamp="2026-06-11T06:05:46.083Z" hostname="DESKTOP-FJTPE3F" time="0.009">
  <properties/>
  <testcase name="prefersFirstAvailableUncompletedQuestOverEarlierCompletedQuest()" classname="ro.ainpc.engine.QuestTemplateSelectorTest" time="0.003"/>
  <testcase name="keepsCompletedAvailableQuestWhenNoFreshQuestExists()" classname="ro.ainpc.engine.QuestTemplateSelectorTest" time="0.001"/>
  <testcase name="filtersMixedNpcTemplatesByProgressionKind()" classname="ro.ainpc.engine.QuestTemplateSelectorTest" time="0.001"/>
  <testcase name="returnsFirstUnavailableQuestWhenNothingIsAvailable()" classname="ro.ainpc.engine.QuestTemplateSelectorTest" time="0.001"/>
  <testcase name="skipsUnavailableEarlierQuestWhenLaterQuestIsAvailable()" classname="ro.ainpc.engine.QuestTemplateSelectorTest" time="0.001"/>
  <system-out><![CDATA[]]></system-out>
  <system-err><![CDATA[]]></system-err>
</testsuite>
