<?xml version="1.0" encoding="UTF-8"?>
<testsuite name="ro.ainpc.npc.AINPCProfileDefaultsTest" tests="4" skipped="0" failures="0" errors="0" timestamp="2026-06-10T18:51:55.032Z" hostname="DESKTOP-FJTPE3F" time="0.003">
  <properties/>
  <testcase name="relationshipLevelMapsToClearStatusBands()" classname="ro.ainpc.npc.AINPCProfileDefaultsTest" time="0.0"/>
  <testcase name="newNpcHasReasonableDemoNeedAndEmotionDefaults()" classname="ro.ainpc.npc.AINPCProfileDefaultsTest" time="0.0"/>
  <testcase name="contextDescriptionIncludesReadableDemoProfileAndAnchors()" classname="ro.ainpc.npc.AINPCProfileDefaultsTest" time="0.0"/>
  <testcase name="newNpcHasStableInspectableIdentityDefaults()" classname="ro.ainpc.npc.AINPCProfileDefaultsTest" time="0.001"/>
  <system-out><![CDATA[]]></system-out>
  <system-err><![CDATA[]]></system-err>
</testsuite>
