<?xml version="1.0" encoding="UTF-8"?>
<testsuite name="ro.ainpc.world.HouseAllocationPlannerTest" tests="6" skipped="0" failures="0" errors="0" timestamp="2026-06-11T06:05:46.772Z" hostname="DESKTOP-FJTPE3F" time="0.034">
  <properties/>
  <testcase name="capsRequestedResidentsToDemoHouseNodeCapacity()" classname="ro.ainpc.world.HouseAllocationPlannerTest" time="0.017"/>
  <testcase name="plansSettlementFromAllDemoHouses()" classname="ro.ainpc.world.HouseAllocationPlannerTest" time="0.007"/>
  <testcase name="reportsInvalidSettlementSelectorsWithoutAllocations()" classname="ro.ainpc.world.HouseAllocationPlannerTest" time="0.002"/>
  <testcase name="plansSettlementSubsetWithClearLimitWarning()" classname="ro.ainpc.world.HouseAllocationPlannerTest" time="0.002"/>
  <testcase name="givesEveryDemoSettlementResidentHomeWorkAndSocialAnchors()" classname="ro.ainpc.world.HouseAllocationPlannerTest" time="0.003"/>
  <testcase name="plansValidHouseholdFromDemoMapping()" classname="ro.ainpc.world.HouseAllocationPlannerTest" time="0.002"/>
  <system-out><![CDATA[]]></system-out>
  <system-err><![CDATA[]]></system-err>
</testsuite>
