<?xml version="1.0" encoding="UTF-8"?>
<testsuite name="ro.ainpc.platform.features.RuntimeFeatureStateTest" tests="4" skipped="0" failures="0" errors="0" timestamp="2026-06-10T19:28:27.613Z" hostname="DESKTOP-FJTPE3F" time="0.002">
  <properties/>
  <testcase name="statusExposesRuntimeUseSemantics()" classname="ro.ainpc.platform.features.RuntimeFeatureStateTest" time="0.0"/>
  <testcase name="featureKeyParsesIdsAndConfigPaths()" classname="ro.ainpc.platform.features.RuntimeFeatureStateTest" time="0.0"/>
  <testcase name="helpersCreateBooleanAndBlockedStates()" classname="ro.ainpc.platform.features.RuntimeFeatureStateTest" time="0.0"/>
  <testcase name="stateSanitizesReasonsAndKeepsSourcesImmutable()" classname="ro.ainpc.platform.features.RuntimeFeatureStateTest" time="0.001"/>
  <system-out><![CDATA[]]></system-out>
  <system-err><![CDATA[]]></system-err>
</testsuite>
