<?xml version="1.0" encoding="UTF-8"?>
<testsuite name="ro.ainpc.scenario.MedievalQuestPackTest" tests="2" skipped="0" failures="0" errors="0" timestamp="2026-06-14T14:18:22.942Z" hostname="DESKTOP-FJTPE3F" time="0.8">
  <properties/>
  <testcase name="medievalQuestPackDefinesPlayableQuestSet()" classname="ro.ainpc.scenario.MedievalQuestPackTest" time="0.74"/>
  <testcase name="medievalQuestPackHasStableRuntimeContractForStarterQuests()" classname="ro.ainpc.scenario.MedievalQuestPackTest" time="0.038"/>
  <system-out><![CDATA[]]></system-out>
  <system-err><![CDATA[]]></system-err>
</testsuite>
