<?xml version="1.0" encoding="UTF-8"?>
<testsuite name="ro.ainpc.scenario.MedievalQuestPackTest" tests="2" skipped="0" failures="0" errors="0" timestamp="2026-06-14T12:55:20.888Z" hostname="DESKTOP-FJTPE3F" time="0.769">
  <properties/>
  <testcase name="medievalQuestPackDefinesPlayableQuestSet()" classname="ro.ainpc.scenario.MedievalQuestPackTest" time="0.718"/>
  <testcase name="medievalQuestPackHasStableRuntimeContractForStarterQuests()" classname="ro.ainpc.scenario.MedievalQuestPackTest" time="0.031"/>
  <system-out><![CDATA[]]></system-out>
  <system-err><![CDATA[]]></system-err>
</testsuite>
