<?xml version="1.0" encoding="UTF-8"?>
<testsuite xmlns:xsi="http://www.w3.org/2001/XMLSchema-instance" xsi:noNamespaceSchemaLocation="https://maven.apache.org/surefire/maven-surefire-plugin/xsd/surefire-test-report.xsd" version="3.0.2" name="ro.ainpc.spawn.SpawnBatchPlanHasherTest" time="0.009" tests="4" errors="0" skipped="0" failures="0">
  <properties>
[...]
</properties>
  <testcase name="settlementHashIsStableWhenAllocationsAreReordered" classname="ro.ainpc.spawn.SpawnBatchPlanHasherTest" time="0.002"/>
  <testcase name="settlementHashChangesWhenResidentPlanChanges" classname="ro.ainpc.spawn.SpawnBatchPlanHasherTest" time="0.002"/>
  <testcase name="dryRunBatchKeysAreSeparateFromApplyBatchKeys" classname="ro.ainpc.spawn.SpawnBatchPlanHasherTest" time="0.002"/>
  <testcase name="settlementBatchKeyUsesCommonRegionAndShortHash" classname="ro.ainpc.spawn.SpawnBatchPlanHasherTest" time="0.001"/>
</testsuite>